2025-03-10 15:20:11.212 | INFO     | __main__:<module>:46 - App Streamlit chargée
2025-03-10 15:20:23.504 | INFO     | __main__:<module>:46 - App Streamlit chargée
2025-03-10 15:20:23.694 | INFO     | __main__:<module>:46 - App Streamlit chargée
2025-03-10 15:20:23.909 | INFO     | __main__:<module>:46 - App Streamlit chargée
2025-03-10 15:20:24.137 | INFO     | __main__:<module>:46 - App Streamlit chargée
2025-03-10 15:20:24.411 | INFO     | __main__:<module>:46 - App Streamlit chargée
2025-03-10 15:20:26.508 | INFO     | __main__:<module>:46 - App Streamlit chargée
2025-03-10 15:20:33.367 | INFO     | __main__:<module>:46 - App Streamlit chargée
2025-03-10 15:20:34.546 | INFO     | modules.orchestrator:predict_charges:37 - POST predict successful
2025-03-10 15:20:34.547 | INFO     | __main__:<module>:46 - App Streamlit chargée
2025-03-10 15:23:08.059 | ERROR    | modules.orchestrator:get_patients:16 - Error getting patients: 404 Client Error: Not Found for url: http://localhost:8001/patients/
2025-03-10 15:23:08.063 | INFO     | __main__:<module>:46 - App Streamlit chargée
2025-03-10 15:23:18.759 | INFO     | __main__:<module>:46 - App Streamlit chargée
2025-03-10 15:23:20.864 | INFO     | __main__:<module>:46 - App Streamlit chargée
2025-03-10 15:23:21.172 | INFO     | __main__:<module>:46 - App Streamlit chargée
2025-03-10 15:23:21.384 | INFO     | __main__:<module>:46 - App Streamlit chargée
2025-03-10 15:23:21.583 | INFO     | __main__:<module>:46 - App Streamlit chargée
2025-03-10 15:23:21.792 | INFO     | __main__:<module>:46 - App Streamlit chargée
2025-03-10 15:23:21.993 | INFO     | __main__:<module>:46 - App Streamlit chargée
2025-03-10 15:23:23.745 | INFO     | __main__:<module>:46 - App Streamlit chargée
2025-03-10 15:23:23.953 | INFO     | __main__:<module>:46 - App Streamlit chargée
2025-03-10 15:23:24.148 | INFO     | __main__:<module>:46 - App Streamlit chargée
2025-03-10 15:23:24.323 | INFO     | __main__:<module>:46 - App Streamlit chargée
2025-03-10 15:23:29.003 | INFO     | __main__:<module>:46 - App Streamlit chargée
2025-03-10 15:23:31.161 | INFO     | __main__:<module>:46 - App Streamlit chargée
2025-03-10 15:23:31.371 | INFO     | __main__:<module>:46 - App Streamlit chargée
2025-03-10 15:23:31.607 | INFO     | __main__:<module>:46 - App Streamlit chargée
2025-03-10 15:23:33.589 | INFO     | __main__:<module>:46 - App Streamlit chargée
2025-03-10 15:23:36.393 | INFO     | __main__:<module>:46 - App Streamlit chargée
2025-03-10 15:23:37.304 | INFO     | modules.orchestrator:predict_charges:37 - POST predict successful
2025-03-10 15:23:37.306 | INFO     | __main__:<module>:46 - App Streamlit chargée
2025-03-10 15:27:17.992 | INFO     | __main__:<module>:46 - App Streamlit chargée
2025-03-10 15:27:17.992 | INFO     | __main__:<module>:46 - App Streamlit chargée
2025-03-10 15:27:19.834 | INFO     | modules.orchestrator:get_utilisateurs:13 - GET utilisateurs successful
2025-03-10 15:27:19.834 | INFO     | modules.orchestrator:get_utilisateurs:13 - GET utilisateurs successful
2025-03-10 15:27:22.993 | INFO     | __main__:<module>:46 - App Streamlit chargée
2025-03-10 15:27:22.993 | INFO     | __main__:<module>:46 - App Streamlit chargée
2025-03-10 16:40:36.169 | INFO     | __main__:<module>:46 - App Streamlit chargée
2025-03-10 16:40:39.317 | INFO     | modules.orchestrator:get_utilisateurs:13 - GET utilisateurs successful
2025-03-10 16:40:39.821 | INFO     | __main__:<module>:46 - App Streamlit chargée
2025-03-10 16:43:47.314 | INFO     | __main__:<module>:46 - App Streamlit chargée
2025-03-10 16:43:47.314 | INFO     | __main__:<module>:46 - App Streamlit chargée
2025-03-10 16:43:49.256 | INFO     | __main__:<module>:46 - App Streamlit chargée
2025-03-10 16:43:49.256 | INFO     | __main__:<module>:46 - App Streamlit chargée
2025-03-10 16:43:55.772 | INFO     | __main__:<module>:46 - App Streamlit chargée
2025-03-10 16:43:55.772 | INFO     | __main__:<module>:46 - App Streamlit chargée
2025-03-10 16:43:56.712 | INFO     | modules.orchestrator:predict_charges:37 - POST predict successful
2025-03-10 16:43:56.712 | INFO     | modules.orchestrator:predict_charges:37 - POST predict successful
2025-03-10 16:43:56.713 | INFO     | __main__:<module>:46 - App Streamlit chargée
2025-03-10 16:43:56.713 | INFO     | __main__:<module>:46 - App Streamlit chargée
2025-03-11 09:44:16.139 | INFO     | __main__:<module>:46 - App Streamlit chargée
2025-03-11 09:44:18.552 | INFO     | modules.orchestrator:get_utilisateurs:13 - GET utilisateurs successful
2025-03-11 09:44:19.343 | INFO     | __main__:<module>:46 - App Streamlit chargée
2025-03-11 09:44:30.275 | INFO     | __main__:<module>:46 - App Streamlit chargée
2025-03-11 09:44:32.560 | INFO     | modules.orchestrator:predict_charges:37 - POST predict successful
2025-03-11 09:44:32.561 | INFO     | __main__:<module>:46 - App Streamlit chargée
2025-03-11 09:52:09.108 | INFO     | __main__:<module>:46 - App Streamlit chargée
2025-03-11 09:52:10.968 | INFO     | modules.orchestrator:get_utilisateurs:13 - GET utilisateurs successful
2025-03-11 09:52:11.538 | INFO     | __main__:<module>:46 - App Streamlit chargée
2025-03-11 09:12:07.343 | INFO     | __main__:<module>:46 - App Streamlit chargée
2025-03-11 09:12:08.518 | ERROR    | modules.orchestrator:get_utilisateurs:16 - Error getting patients: HTTPConnectionPool(host='localhost', port=8001): Max retries exceeded with url: /utilisateurs/ (Caused by NewConnectionError('<urllib3.connection.HTTPConnection object at 0xffff997b9bb0>: Failed to establish a new connection: [Errno 111] Connection refused'))
2025-03-11 09:12:08.525 | INFO     | __main__:<module>:46 - App Streamlit chargée
2025-03-11 09:14:39.656 | INFO     | __main__:<module>:46 - App Streamlit chargée
2025-03-11 09:14:41.726 | ERROR    | modules.orchestrator:get_utilisateurs:16 - Error getting patients: HTTPConnectionPool(host='localhost', port=8001): Max retries exceeded with url: /utilisateurs/ (Caused by NewConnectionError('<urllib3.connection.HTTPConnection object at 0xffffaaf78850>: Failed to establish a new connection: [Errno 111] Connection refused'))
2025-03-11 09:14:41.733 | INFO     | __main__:<module>:46 - App Streamlit chargée
2025-03-11 09:14:52.206 | INFO     | __main__:<module>:46 - App Streamlit chargée
2025-03-11 09:14:53.644 | ERROR    | modules.orchestrator:get_utilisateurs:16 - Error getting patients: HTTPConnectionPool(host='localhost', port=8001): Max retries exceeded with url: /utilisateurs/ (Caused by NewConnectionError('<urllib3.connection.HTTPConnection object at 0xffffaae71520>: Failed to establish a new connection: [Errno 111] Connection refused'))
2025-03-11 09:14:53.651 | INFO     | __main__:<module>:46 - App Streamlit chargée
2025-03-11 09:19:00.372 | INFO     | __main__:<module>:46 - App Streamlit chargée
2025-03-11 09:19:01.626 | ERROR    | modules.orchestrator:get_utilisateurs:16 - Error getting patients: HTTPConnectionPool(host='api-proj1', port=8001): Max retries exceeded with url: /utilisateurs/ (Caused by NewConnectionError('<urllib3.connection.HTTPConnection object at 0xffffa6094700>: Failed to establish a new connection: [Errno 111] Connection refused'))
2025-03-11 09:19:01.631 | INFO     | __main__:<module>:46 - App Streamlit chargée
2025-03-11 09:19:12.017 | INFO     | __main__:<module>:46 - App Streamlit chargée
2025-03-11 09:19:13.650 | ERROR    | modules.orchestrator:predict_charges:41 - Error predicting charges: HTTPConnectionPool(host='api-proj2', port=8002): Max retries exceeded with url: /predict (Caused by NewConnectionError('<urllib3.connection.HTTPConnection object at 0xffffa5fc6340>: Failed to establish a new connection: [Errno 111] Connection refused'))
2025-03-11 09:19:13.652 | INFO     | __main__:<module>:46 - App Streamlit chargée
2025-03-11 09:20:17.218 | ERROR    | modules.orchestrator:get_utilisateurs:16 - Error getting patients: HTTPConnectionPool(host='api-proj1', port=8001): Max retries exceeded with url: /utilisateurs/ (Caused by NewConnectionError('<urllib3.connection.HTTPConnection object at 0xffffa6007790>: Failed to establish a new connection: [Errno 111] Connection refused'))
2025-03-11 09:20:17.224 | INFO     | __main__:<module>:46 - App Streamlit chargée
2025-03-11 09:25:42.071 | INFO     | __main__:<module>:46 - App Streamlit chargée
2025-03-11 09:25:47.811 | INFO     | __main__:<module>:46 - App Streamlit chargée
2025-03-11 09:25:49.450 | ERROR    | modules.orchestrator:get_utilisateurs:16 - Error getting patients: HTTPConnectionPool(host='api-proj1', port=8001): Max retries exceeded with url: /utilisateurs/ (Caused by NewConnectionError('<urllib3.connection.HTTPConnection object at 0xffff884d7880>: Failed to establish a new connection: [Errno 111] Connection refused'))
2025-03-11 09:25:49.456 | INFO     | __main__:<module>:46 - App Streamlit chargée
2025-03-11 09:37:49.044 | INFO     | __main__:<module>:47 - App Streamlit chargée
2025-03-11 09:37:56.534 | INFO     | __main__:<module>:47 - App Streamlit chargée
2025-03-11 09:37:58.213 | INFO     | modules.orchestrator:get_utilisateurs:14 - GET utilisateurs successful
2025-03-11 09:37:58.785 | INFO     | __main__:<module>:47 - App Streamlit chargée
2025-03-11 09:38:08.478 | INFO     | __main__:<module>:47 - App Streamlit chargée
2025-03-11 09:38:11.201 | INFO     | __main__:<module>:47 - App Streamlit chargée
2025-03-11 09:38:13.237 | INFO     | modules.orchestrator:predict_charges:40 - POST predict successful
2025-03-11 09:38:13.238 | INFO     | __main__:<module>:47 - App Streamlit chargée
2025-03-11 12:23:40.150 | INFO     | __main__:<module>:47 - App Streamlit chargée
2025-03-11 12:23:49.830 | INFO     | __main__:<module>:47 - App Streamlit chargée
2025-03-11 12:23:54.833 | INFO     | modules.orchestrator:predict_charges:40 - POST predict successful
2025-03-11 12:23:54.836 | INFO     | __main__:<module>:47 - App Streamlit chargée
2025-03-12 08:26:44.930 | INFO     | __main__:<module>:46 - App Streamlit chargée
2025-03-12 08:26:52.008 | INFO     | __main__:<module>:46 - App Streamlit chargée
2025-03-12 08:26:53.463 | INFO     | modules.orchestrator:get_utilisateurs:14 - GET utilisateurs successful
2025-03-12 08:26:54.078 | INFO     | __main__:<module>:46 - App Streamlit chargée
2025-03-12 08:27:14.273 | INFO     | __main__:<module>:46 - App Streamlit chargée
2025-03-12 08:27:15.268 | INFO     | __main__:<module>:46 - App Streamlit chargée
2025-03-12 08:27:18.008 | INFO     | modules.orchestrator:predict_charges:40 - POST predict successful
2025-03-12 08:27:18.010 | INFO     | __main__:<module>:46 - App Streamlit chargée
2025-03-12 10:46:02.587 | INFO     | __main__:<module>:137 - App Streamlit (version avancée) chargée
2025-03-12 10:46:08.960 | INFO     | __main__:<module>:137 - App Streamlit (version avancée) chargée
2025-03-12 10:46:09.430 | INFO     | __main__:<module>:137 - App Streamlit (version avancée) chargée
2025-03-12 10:46:09.736 | INFO     | __main__:<module>:137 - App Streamlit (version avancée) chargée
2025-03-12 10:46:10.227 | INFO     | __main__:<module>:137 - App Streamlit (version avancée) chargée
2025-03-12 10:46:14.791 | INFO     | __main__:<module>:137 - App Streamlit (version avancée) chargée
2025-03-12 10:46:19.241 | INFO     | modules.orchestrator:predict_charges:40 - POST predict successful
2025-03-12 10:46:19.245 | INFO     | __main__:<module>:137 - App Streamlit (version avancée) chargée
2025-03-12 10:49:00.704 | INFO     | __main__:<module>:137 - App Streamlit (version avancée) chargée
2025-03-12 10:49:03.799 | INFO     | modules.orchestrator:predict_charges:40 - POST predict successful
2025-03-12 10:49:03.816 | INFO     | modules.orchestrator:predict_charges:40 - POST predict successful
2025-03-12 10:49:03.857 | INFO     | modules.orchestrator:predict_charges:40 - POST predict successful
2025-03-12 10:49:03.877 | INFO     | modules.orchestrator:predict_charges:40 - POST predict successful
2025-03-12 10:49:03.892 | INFO     | modules.orchestrator:predict_charges:40 - POST predict successful
2025-03-12 10:49:03.907 | INFO     | modules.orchestrator:predict_charges:40 - POST predict successful
2025-03-12 10:49:03.921 | INFO     | modules.orchestrator:predict_charges:40 - POST predict successful
2025-03-12 10:49:03.934 | INFO     | modules.orchestrator:predict_charges:40 - POST predict successful
2025-03-12 10:49:03.988 | INFO     | __main__:<module>:137 - App Streamlit (version avancée) chargée
2025-03-13 12:34:00.886 | INFO     | __main__:<module>:137 - App Streamlit (version avancée) chargée
2025-03-13 12:34:08.192 | INFO     | modules.orchestrator:get_utilisateurs:14 - GET utilisateurs successful
2025-03-13 12:34:08.207 | INFO     | __main__:<module>:137 - App Streamlit (version avancée) chargée
2025-03-13 12:34:16.516 | INFO     | __main__:<module>:137 - App Streamlit (version avancée) chargée
2025-03-13 12:34:18.199 | INFO     | __main__:<module>:137 - App Streamlit (version avancée) chargée
2025-03-13 12:34:20.676 | INFO     | __main__:<module>:137 - App Streamlit (version avancée) chargée
2025-03-13 12:34:21.107 | INFO     | __main__:<module>:137 - App Streamlit (version avancée) chargée
2025-03-13 12:34:21.515 | INFO     | __main__:<module>:137 - App Streamlit (version avancée) chargée
2025-03-13 12:34:25.413 | INFO     | __main__:<module>:137 - App Streamlit (version avancée) chargée
2025-03-13 12:34:28.125 | INFO     | modules.orchestrator:predict_charges:40 - POST predict successful
2025-03-13 12:34:28.128 | INFO     | __main__:<module>:137 - App Streamlit (version avancée) chargée
2025-03-13 12:34:36.693 | INFO     | __main__:<module>:137 - App Streamlit (version avancée) chargée
2025-03-13 12:34:38.901 | INFO     | modules.orchestrator:predict_charges:40 - POST predict successful
2025-03-13 12:34:38.919 | INFO     | modules.orchestrator:predict_charges:40 - POST predict successful
2025-03-13 12:34:38.945 | INFO     | modules.orchestrator:predict_charges:40 - POST predict successful
2025-03-13 12:34:38.965 | INFO     | modules.orchestrator:predict_charges:40 - POST predict successful
2025-03-13 12:34:38.984 | INFO     | modules.orchestrator:predict_charges:40 - POST predict successful
2025-03-13 12:34:38.999 | INFO     | modules.orchestrator:predict_charges:40 - POST predict successful
2025-03-13 12:34:39.013 | INFO     | modules.orchestrator:predict_charges:40 - POST predict successful
2025-03-13 12:34:39.028 | INFO     | modules.orchestrator:predict_charges:40 - POST predict successful
2025-03-13 12:34:39.065 | INFO     | __main__:<module>:137 - App Streamlit (version avancée) chargée
2025-03-13 12:34:54.550 | INFO     | __main__:<module>:137 - App Streamlit (version avancée) chargée
2025-03-13 12:36:57.456 | INFO     | __main__:<module>:137 - App Streamlit (version avancée) chargée
2025-03-13 12:37:19.901 | INFO     | modules.orchestrator:get_utilisateurs:14 - GET utilisateurs successful
2025-03-13 12:37:19.923 | INFO     | __main__:<module>:137 - App Streamlit (version avancée) chargée
2025-03-13 12:38:37.806 | INFO     | __main__:<module>:137 - App Streamlit (version avancée) chargée
2025-03-13 12:38:40.019 | INFO     | __main__:<module>:137 - App Streamlit (version avancée) chargée
2025-03-13 12:38:40.490 | INFO     | __main__:<module>:137 - App Streamlit (version avancée) chargée
2025-03-13 12:38:54.425 | INFO     | __main__:<module>:137 - App Streamlit (version avancée) chargée
2025-03-13 12:38:55.397 | INFO     | __main__:<module>:137 - App Streamlit (version avancée) chargée
2025-03-13 12:38:56.043 | INFO     | __main__:<module>:137 - App Streamlit (version avancée) chargée
2025-03-13 12:38:57.085 | INFO     | __main__:<module>:137 - App Streamlit (version avancée) chargée
2025-03-13 12:38:57.538 | INFO     | __main__:<module>:137 - App Streamlit (version avancée) chargée
2025-03-13 12:39:00.273 | INFO     | __main__:<module>:137 - App Streamlit (version avancée) chargée
2025-03-13 12:39:03.093 | INFO     | __main__:<module>:137 - App Streamlit (version avancée) chargée
2025-03-13 12:39:06.230 | INFO     | __main__:<module>:137 - App Streamlit (version avancée) chargée
2025-03-13 12:39:10.270 | INFO     | __main__:<module>:137 - App Streamlit (version avancée) chargée
2025-03-13 12:39:12.652 | INFO     | modules.orchestrator:predict_charges:40 - POST predict successful
2025-03-13 12:39:12.655 | INFO     | __main__:<module>:137 - App Streamlit (version avancée) chargée
2025-03-13 12:39:33.208 | INFO     | __main__:<module>:137 - App Streamlit (version avancée) chargée
2025-03-13 12:39:34.938 | INFO     | modules.orchestrator:predict_charges:40 - POST predict successful
2025-03-13 12:39:34.940 | INFO     | __main__:<module>:137 - App Streamlit (version avancée) chargée
2025-03-13 12:39:43.634 | INFO     | __main__:<module>:137 - App Streamlit (version avancée) chargée
2025-03-13 12:39:47.169 | INFO     | __main__:<module>:137 - App Streamlit (version avancée) chargée
2025-03-13 12:39:47.925 | INFO     | __main__:<module>:137 - App Streamlit (version avancée) chargée
2025-03-13 12:39:48.863 | INFO     | __main__:<module>:137 - App Streamlit (version avancée) chargée
2025-03-13 12:39:49.620 | INFO     | modules.orchestrator:predict_charges:40 - POST predict successful
2025-03-13 12:39:49.622 | INFO     | __main__:<module>:137 - App Streamlit (version avancée) chargée
2025-03-13 12:40:10.188 | INFO     | __main__:<module>:137 - App Streamlit (version avancée) chargée
2025-03-13 12:40:16.748 | INFO     | modules.orchestrator:predict_charges:40 - POST predict successful
2025-03-13 12:40:16.763 | INFO     | modules.orchestrator:predict_charges:40 - POST predict successful
2025-03-13 12:40:16.774 | INFO     | modules.orchestrator:predict_charges:40 - POST predict successful
2025-03-13 12:40:16.800 | INFO     | modules.orchestrator:predict_charges:40 - POST predict successful
2025-03-13 12:40:16.816 | INFO     | modules.orchestrator:predict_charges:40 - POST predict successful
2025-03-13 12:40:16.830 | INFO     | modules.orchestrator:predict_charges:40 - POST predict successful
2025-03-13 12:40:16.843 | INFO     | modules.orchestrator:predict_charges:40 - POST predict successful
2025-03-13 12:40:16.858 | INFO     | modules.orchestrator:predict_charges:40 - POST predict successful
2025-03-13 12:40:16.871 | INFO     | __main__:<module>:137 - App Streamlit (version avancée) chargée
2025-03-17 09:39:06.010 | INFO     | __main__:<module>:137 - App Streamlit (version avancée) chargée
2025-03-17 09:39:39.511 | INFO     | __main__:<module>:137 - App Streamlit (version avancée) chargée
2025-03-17 09:39:52.133 | INFO     | modules.orchestrator:get_utilisateurs:14 - GET utilisateurs successful
2025-03-17 09:39:52.232 | INFO     | __main__:<module>:137 - App Streamlit (version avancée) chargée
2025-03-17 09:40:17.942 | INFO     | __main__:<module>:137 - App Streamlit (version avancée) chargée
2025-03-17 09:40:30.206 | INFO     | __main__:<module>:137 - App Streamlit (version avancée) chargée
2025-03-17 09:40:30.616 | INFO     | __main__:<module>:137 - App Streamlit (version avancée) chargée
2025-03-17 09:40:33.352 | INFO     | __main__:<module>:137 - App Streamlit (version avancée) chargée
2025-03-17 09:40:37.005 | INFO     | modules.orchestrator:predict_charges:40 - POST predict successful
2025-03-17 09:40:37.009 | INFO     | __main__:<module>:137 - App Streamlit (version avancée) chargée
2025-03-17 09:40:56.756 | INFO     | __main__:<module>:137 - App Streamlit (version avancée) chargée
2025-03-17 09:41:06.804 | INFO     | modules.orchestrator:predict_charges:40 - POST predict successful
2025-03-17 09:41:06.830 | INFO     | modules.orchestrator:predict_charges:40 - POST predict successful
2025-03-17 09:41:06.929 | INFO     | modules.orchestrator:predict_charges:40 - POST predict successful
2025-03-17 09:41:07.003 | INFO     | modules.orchestrator:predict_charges:40 - POST predict successful
2025-03-17 09:41:07.037 | INFO     | modules.orchestrator:predict_charges:40 - POST predict successful
2025-03-17 09:41:07.068 | INFO     | modules.orchestrator:predict_charges:40 - POST predict successful
2025-03-17 09:41:07.096 | INFO     | modules.orchestrator:predict_charges:40 - POST predict successful
2025-03-17 09:41:07.127 | INFO     | modules.orchestrator:predict_charges:40 - POST predict successful
2025-03-17 09:41:07.244 | INFO     | __main__:<module>:137 - App Streamlit (version avancée) chargée
2025-03-17 09:41:16.629 | INFO     | __main__:<module>:137 - App Streamlit (version avancée) chargée
2025-03-18 09:40:35.254 | INFO     | __main__:<module>:137 - App Streamlit (version avancée) chargée
2025-03-18 09:40:49.651 | INFO     | modules.orchestrator:get_utilisateurs:14 - GET utilisateurs successful
2025-03-18 09:40:49.731 | INFO     | __main__:<module>:137 - App Streamlit (version avancée) chargée
2025-03-18 09:41:20.051 | INFO     | __main__:<module>:137 - App Streamlit (version avancée) chargée
2025-03-18 09:41:23.720 | INFO     | __main__:<module>:137 - App Streamlit (version avancée) chargée
2025-03-18 09:41:26.302 | INFO     | __main__:<module>:137 - App Streamlit (version avancée) chargée
2025-03-18 09:41:26.535 | INFO     | __main__:<module>:137 - App Streamlit (version avancée) chargée
2025-03-18 09:41:28.029 | INFO     | __main__:<module>:137 - App Streamlit (version avancée) chargée
2025-03-18 09:41:29.254 | INFO     | modules.orchestrator:predict_charges:40 - POST predict successful
2025-03-18 09:41:29.256 | INFO     | __main__:<module>:137 - App Streamlit (version avancée) chargée
2025-03-18 09:41:54.688 | INFO     | __main__:<module>:137 - App Streamlit (version avancée) chargée
2025-03-18 09:41:55.701 | INFO     | modules.orchestrator:predict_charges:40 - POST predict successful
2025-03-18 09:41:55.703 | INFO     | __main__:<module>:137 - App Streamlit (version avancée) chargée
2025-03-18 09:42:15.440 | INFO     | __main__:<module>:137 - App Streamlit (version avancée) chargée
2025-03-18 09:42:20.903 | INFO     | modules.orchestrator:predict_charges:40 - POST predict successful
2025-03-18 09:42:20.927 | INFO     | modules.orchestrator:predict_charges:40 - POST predict successful
2025-03-18 09:42:20.965 | INFO     | modules.orchestrator:predict_charges:40 - POST predict successful
2025-03-18 09:42:20.994 | INFO     | modules.orchestrator:predict_charges:40 - POST predict successful
2025-03-18 09:42:21.009 | INFO     | modules.orchestrator:predict_charges:40 - POST predict successful
2025-03-18 09:42:21.026 | INFO     | modules.orchestrator:predict_charges:40 - POST predict successful
2025-03-18 09:42:21.043 | INFO     | modules.orchestrator:predict_charges:40 - POST predict successful
2025-03-18 09:42:21.060 | INFO     | modules.orchestrator:predict_charges:40 - POST predict successful
2025-03-18 09:42:21.162 | INFO     | __main__:<module>:137 - App Streamlit (version avancée) chargée
